
*** Running vivado
    with args -log base_dvi2rgb_0_0.vds -m64 -product Vivado -mode batch -messageDb vivado.pb -notrace -source base_dvi2rgb_0_0.tcl



****** Vivado v2020.2 (64-bit)
  **** SW Build 3064766 on Wed Nov 18 09:12:45 MST 2020
  **** IP Build 3064653 on Wed Nov 18 14:17:31 MST 2020
    ** Copyright 1986-2020 Xilinx, Inc. All Rights Reserved.

source base_dvi2rgb_0_0.tcl -notrace
create_project: Time (s): cpu = 00:00:02 ; elapsed = 00:00:10 . Memory (MB): peak = 1336.176 ; gain = 583.043
INFO: [IP_Flow 19-234] Refreshing IP repositories
INFO: [IP_Flow 19-1700] Loaded user IP repository 'd:/PYNQ-master/boards/ip'.
INFO: [IP_Flow 19-2313] Loaded Vivado IP repository 'E:/Xilinx/Vivado/2020.2/data/ip'.
update_ip_catalog: Time (s): cpu = 00:00:01 ; elapsed = 00:00:07 . Memory (MB): peak = 1361.027 ; gain = 24.852
Command: synth_design -top base_dvi2rgb_0_0 -part xc7z020clg400-1 -mode out_of_context
Starting synth_design
Attempting to get a license for feature 'Synthesis' and/or device 'xc7z020'
INFO: [Common 17-349] Got license for feature 'Synthesis' and/or device 'xc7z020'
INFO: [Device 21-403] Loading part xc7z020clg400-1
INFO: [Synth 8-7079] Multithreading enabled for synth_design using a maximum of 2 processes.
INFO: [Synth 8-7078] Launching helper process for spawning children vivado processes
INFO: [Synth 8-7075] Helper process launched with PID 8892
---------------------------------------------------------------------------------
Starting RTL Elaboration : Time (s): cpu = 00:00:03 ; elapsed = 00:00:23 . Memory (MB): peak = 1470.281 ; gain = 0.000
---------------------------------------------------------------------------------
WARNING: [Synth 8-1565] actual for formal port arst is neither a static name nor a globally static expression [e:/GT/base/project_1/project_1.srcs/sources_1/bd/base/ipshared/269e/src/TMDS_Clocking.vhd:128]
WARNING: [Synth 8-1565] actual for formal port arst is neither a static name nor a globally static expression [e:/GT/base/project_1/project_1.srcs/sources_1/bd/base/ipshared/269e/src/dvi2rgb.vhd:161]
WARNING: [Synth 8-1565] actual for formal port potherchrdy is neither a static name nor a globally static expression [e:/GT/base/project_1/project_1.srcs/sources_1/bd/base/ipshared/269e/src/dvi2rgb.vhd:182]
WARNING: [Synth 8-1565] actual for formal port potherchvld is neither a static name nor a globally static expression [e:/GT/base/project_1/project_1.srcs/sources_1/bd/base/ipshared/269e/src/dvi2rgb.vhd:183]
INFO: [Synth 8-638] synthesizing module 'base_dvi2rgb_0_0' [e:/GT/base/project_1/project_1.srcs/sources_1/bd/base/ip/base_dvi2rgb_0_0/synth/base_dvi2rgb_0_0.vhd:80]
	Parameter kEmulateDDC bound to: 1 - type: bool 
	Parameter kRstActiveHigh bound to: 0 - type: bool 
	Parameter kClkRange bound to: 1 - type: integer 
	Parameter kIDLY_TapValuePs bound to: 78 - type: integer 
	Parameter kIDLY_TapWidth bound to: 5 - type: integer 
	Parameter kAddBUFG bound to: 0 - type: bool 
	Parameter kEdidFileName bound to: 720p_edid.data - type: string 
INFO: [Synth 8-3491] module 'dvi2rgb' declared at 'e:/GT/base/project_1/project_1.srcs/sources_1/bd/base/ipshared/269e/src/dvi2rgb.vhd:64' bound to instance 'U0' of component 'dvi2rgb' [e:/GT/base/project_1/project_1.srcs/sources_1/bd/base/ip/base_dvi2rgb_0_0/synth/base_dvi2rgb_0_0.vhd:149]
INFO: [Synth 8-638] synthesizing module 'dvi2rgb' [e:/GT/base/project_1/project_1.srcs/sources_1/bd/base/ipshared/269e/src/dvi2rgb.vhd:110]
	Parameter kEmulateDDC bound to: 1 - type: bool 
	Parameter kRstActiveHigh bound to: 0 - type: bool 
	Parameter kAddBUFG bound to: 0 - type: bool 
	Parameter kClkRange bound to: 1 - type: integer 
	Parameter kEdidFileName bound to: 720p_edid.data - type: string 
	Parameter kIDLY_TapValuePs bound to: 78 - type: integer 
	Parameter kIDLY_TapWidth bound to: 5 - type: integer 
INFO: [Synth 8-638] synthesizing module 'TMDS_Clocking' [e:/GT/base/project_1/project_1.srcs/sources_1/bd/base/ipshared/269e/src/TMDS_Clocking.vhd:75]
	Parameter kClkRange bound to: 1 - type: integer 
INFO: [Synth 8-638] synthesizing module 'ResetBridge' [e:/GT/base/project_1/project_1.srcs/sources_1/bd/base/ipshared/269e/src/SyncAsyncReset.vhd:72]
	Parameter kPolarity bound to: 1'b1 
INFO: [Synth 8-638] synthesizing module 'SyncAsync' [e:/GT/base/project_1/project_1.srcs/sources_1/bd/base/ipshared/269e/src/SyncAsync.vhd:72]
	Parameter kResetTo bound to: 1'b1 
	Parameter kStages bound to: 2 - type: integer 
INFO: [Synth 8-256] done synthesizing module 'SyncAsync' (1#1) [e:/GT/base/project_1/project_1.srcs/sources_1/bd/base/ipshared/269e/src/SyncAsync.vhd:72]
INFO: [Synth 8-256] done synthesizing module 'ResetBridge' (2#1) [e:/GT/base/project_1/project_1.srcs/sources_1/bd/base/ipshared/269e/src/SyncAsyncReset.vhd:72]
	Parameter SIM_DEVICE bound to: 7SERIES - type: string 
INFO: [Synth 8-113] binding component instance 'IDelayCtrlX' to cell 'IDELAYCTRL' [e:/GT/base/project_1/project_1.srcs/sources_1/bd/base/ipshared/269e/src/TMDS_Clocking.vhd:118]
	Parameter CAPACITANCE bound to: DONT_CARE - type: string 
	Parameter DIFF_TERM bound to: 0 - type: bool 
	Parameter DQS_BIAS bound to: FALSE - type: string 
	Parameter IBUF_DELAY_VALUE bound to: 0 - type: string 
	Parameter IBUF_LOW_PWR bound to: 1 - type: bool 
	Parameter IFD_DELAY_VALUE bound to: AUTO - type: string 
	Parameter IOSTANDARD bound to: TMDS_33 - type: string 
INFO: [Synth 8-113] binding component instance 'InputBuffer' to cell 'IBUFDS' [e:/GT/base/project_1/project_1.srcs/sources_1/bd/base/ipshared/269e/src/TMDS_Clocking.vhd:132]
	Parameter BANDWIDTH bound to: OPTIMIZED - type: string 
	Parameter CLKFBOUT_MULT_F bound to: 5.000000 - type: double 
	Parameter CLKFBOUT_PHASE bound to: 0.000000 - type: double 
	Parameter CLKFBOUT_USE_FINE_PS bound to: 0 - type: bool 
	Parameter CLKIN1_PERIOD bound to: 6.000000 - type: double 
	Parameter CLKIN2_PERIOD bound to: 0.000000 - type: double 
	Parameter CLKOUT0_DIVIDE_F bound to: 1.000000 - type: double 
	Parameter CLKOUT0_DUTY_CYCLE bound to: 0.500000 - type: double 
	Parameter CLKOUT0_PHASE bound to: 0.000000 - type: double 
	Parameter CLKOUT0_USE_FINE_PS bound to: 0 - type: bool 
	Parameter CLKOUT1_DIVIDE bound to: 1 - type: integer 
	Parameter CLKOUT1_DUTY_CYCLE bound to: 0.500000 - type: double 
	Parameter CLKOUT1_PHASE bound to: 0.000000 - type: double 
	Parameter CLKOUT1_USE_FINE_PS bound to: 0 - type: bool 
	Parameter CLKOUT2_DIVIDE bound to: 1 - type: integer 
	Parameter CLKOUT2_DUTY_CYCLE bound to: 0.500000 - type: double 
	Parameter CLKOUT2_PHASE bound to: 0.000000 - type: double 
	Parameter CLKOUT2_USE_FINE_PS bound to: 0 - type: bool 
	Parameter CLKOUT3_DIVIDE bound to: 1 - type: integer 
	Parameter CLKOUT3_DUTY_CYCLE bound to: 0.500000 - type: double 
	Parameter CLKOUT3_PHASE bound to: 0.000000 - type: double 
	Parameter CLKOUT3_USE_FINE_PS bound to: 0 - type: bool 
	Parameter CLKOUT4_CASCADE bound to: 0 - type: bool 
	Parameter CLKOUT4_DIVIDE bound to: 1 - type: integer 
	Parameter CLKOUT4_DUTY_CYCLE bound to: 0.500000 - type: double 
	Parameter CLKOUT4_PHASE bound to: 0.000000 - type: double 
	Parameter CLKOUT4_USE_FINE_PS bound to: 0 - type: bool 
	Parameter CLKOUT5_DIVIDE bound to: 1 - type: integer 
	Parameter CLKOUT5_DUTY_CYCLE bound to: 0.500000 - type: double 
	Parameter CLKOUT5_PHASE bound to: 0.000000 - type: double 
	Parameter CLKOUT5_USE_FINE_PS bound to: 0 - type: bool 
	Parameter CLKOUT6_DIVIDE bound to: 1 - type: integer 
	Parameter CLKOUT6_DUTY_CYCLE bound to: 0.500000 - type: double 
	Parameter CLKOUT6_PHASE bound to: 0.000000 - type: double 
	Parameter CLKOUT6_USE_FINE_PS bound to: 0 - type: bool 
	Parameter COMPENSATION bound to: ZHOLD - type: string 
	Parameter DIVCLK_DIVIDE bound to: 1 - type: integer 
	Parameter IS_CLKINSEL_INVERTED bound to: 1'b0 
	Parameter IS_PSEN_INVERTED bound to: 1'b0 
	Parameter IS_PSINCDEC_INVERTED bound to: 1'b0 
	Parameter IS_PWRDWN_INVERTED bound to: 1'b0 
	Parameter IS_RST_INVERTED bound to: 1'b0 
	Parameter REF_JITTER1 bound to: 0.010000 - type: double 
	Parameter REF_JITTER2 bound to: 0.000000 - type: double 
	Parameter SS_EN bound to: FALSE - type: string 
	Parameter SS_MODE bound to: CENTER_HIGH - type: string 
	Parameter SS_MOD_PERIOD bound to: 10000 - type: integer 
	Parameter STARTUP_WAIT bound to: 0 - type: bool 
INFO: [Synth 8-113] binding component instance 'DVI_ClkGenerator' to cell 'MMCME2_ADV' [e:/GT/base/project_1/project_1.srcs/sources_1/bd/base/ipshared/269e/src/TMDS_Clocking.vhd:173]
INFO: [Synth 8-113] binding component instance 'SerialClkBuffer' to cell 'BUFIO' [e:/GT/base/project_1/project_1.srcs/sources_1/bd/base/ipshared/269e/src/TMDS_Clocking.vhd:232]
	Parameter BUFR_DIVIDE bound to: 5 - type: string 
	Parameter SIM_DEVICE bound to: 7SERIES - type: string 
INFO: [Synth 8-113] binding component instance 'PixelClkBuffer' to cell 'BUFR' [e:/GT/base/project_1/project_1.srcs/sources_1/bd/base/ipshared/269e/src/TMDS_Clocking.vhd:238]
INFO: [Synth 8-638] synthesizing module 'SyncAsync__parameterized0' [e:/GT/base/project_1/project_1.srcs/sources_1/bd/base/ipshared/269e/src/SyncAsync.vhd:72]
	Parameter kResetTo bound to: 1'b0 
	Parameter kStages bound to: 2 - type: integer 
INFO: [Synth 8-256] done synthesizing module 'SyncAsync__parameterized0' (2#1) [e:/GT/base/project_1/project_1.srcs/sources_1/bd/base/ipshared/269e/src/SyncAsync.vhd:72]
INFO: [Synth 8-256] done synthesizing module 'TMDS_Clocking' (3#1) [e:/GT/base/project_1/project_1.srcs/sources_1/bd/base/ipshared/269e/src/TMDS_Clocking.vhd:75]
INFO: [Synth 8-638] synthesizing module 'TMDS_Decoder' [e:/GT/base/project_1/project_1.srcs/sources_1/bd/base/ipshared/269e/src/TMDS_Decoder.vhd:96]
	Parameter kCtlTknCount bound to: 128 - type: integer 
	Parameter kTimeoutMs bound to: 50 - type: integer 
	Parameter kRefClkFrqMHz bound to: 200 - type: integer 
	Parameter kIDLY_TapValuePs bound to: 78 - type: integer 
	Parameter kIDLY_TapWidth bound to: 5 - type: integer 
INFO: [Synth 8-638] synthesizing module 'InputSERDES' [e:/GT/base/project_1/project_1.srcs/sources_1/bd/base/ipshared/269e/src/InputSERDES.vhd:85]
	Parameter kIDLY_TapWidth bound to: 5 - type: integer 
	Parameter kParallelWidth bound to: 10 - type: integer 
	Parameter CAPACITANCE bound to: DONT_CARE - type: string 
	Parameter DIFF_TERM bound to: 0 - type: bool 
	Parameter DQS_BIAS bound to: FALSE - type: string 
	Parameter IBUF_DELAY_VALUE bound to: 0 - type: string 
	Parameter IBUF_LOW_PWR bound to: 1 - type: bool 
	Parameter IFD_DELAY_VALUE bound to: AUTO - type: string 
	Parameter IOSTANDARD bound to: TMDS_33 - type: string 
INFO: [Synth 8-113] binding component instance 'InputBuffer' to cell 'IBUFDS' [e:/GT/base/project_1/project_1.srcs/sources_1/bd/base/ipshared/269e/src/InputSERDES.vhd:92]
	Parameter CINVCTRL_SEL bound to: FALSE - type: string 
	Parameter DELAY_SRC bound to: IDATAIN - type: string 
	Parameter HIGH_PERFORMANCE_MODE bound to: TRUE - type: string 
	Parameter IDELAY_TYPE bound to: VARIABLE - type: string 
	Parameter IDELAY_VALUE bound to: 0 - type: integer 
	Parameter IS_C_INVERTED bound to: 1'b0 
	Parameter IS_DATAIN_INVERTED bound to: 1'b0 
	Parameter IS_IDATAIN_INVERTED bound to: 1'b0 
	Parameter PIPE_SEL bound to: FALSE - type: string 
	Parameter REFCLK_FREQUENCY bound to: 200.000000 - type: double 
	Parameter SIGNAL_PATTERN bound to: DATA - type: string 
INFO: [Synth 8-113] binding component instance 'InputDelay' to cell 'IDELAYE2' [e:/GT/base/project_1/project_1.srcs/sources_1/bd/base/ipshared/269e/src/InputSERDES.vhd:102]
	Parameter DATA_RATE bound to: DDR - type: string 
	Parameter DATA_WIDTH bound to: 10 - type: integer 
	Parameter DYN_CLKDIV_INV_EN bound to: FALSE - type: string 
	Parameter DYN_CLK_INV_EN bound to: FALSE - type: string 
	Parameter INIT_Q1 bound to: 1'b0 
	Parameter INIT_Q2 bound to: 1'b0 
	Parameter INIT_Q3 bound to: 1'b0 
	Parameter INIT_Q4 bound to: 1'b0 
	Parameter INTERFACE_TYPE bound to: NETWORKING - type: string 
	Parameter IOBDELAY bound to: IFD - type: string 
	Parameter IS_CLKB_INVERTED bound to: 1'b0 
	Parameter IS_CLKDIVP_INVERTED bound to: 1'b0 
	Parameter IS_CLKDIV_INVERTED bound to: 1'b0 
	Parameter IS_CLK_INVERTED bound to: 1'b0 
	Parameter IS_D_INVERTED bound to: 1'b0 
	Parameter IS_OCLKB_INVERTED bound to: 1'b0 
	Parameter IS_OCLK_INVERTED bound to: 1'b0 
	Parameter NUM_CE bound to: 2 - type: integer 
	Parameter OFB_USED bound to: FALSE - type: string 
	Parameter SERDES_MODE bound to: MASTER - type: string 
	Parameter SRVAL_Q1 bound to: 1'b0 
	Parameter SRVAL_Q2 bound to: 1'b0 
	Parameter SRVAL_Q3 bound to: 1'b0 
	Parameter SRVAL_Q4 bound to: 1'b0 
INFO: [Synth 8-113] binding component instance 'DeserializerMaster' to cell 'ISERDESE2' [e:/GT/base/project_1/project_1.srcs/sources_1/bd/base/ipshared/269e/src/InputSERDES.vhd:130]
	Parameter DATA_RATE bound to: DDR - type: string 
	Parameter DATA_WIDTH bound to: 10 - type: integer 
	Parameter DYN_CLKDIV_INV_EN bound to: FALSE - type: string 
	Parameter DYN_CLK_INV_EN bound to: FALSE - type: string 
	Parameter INIT_Q1 bound to: 1'b0 
	Parameter INIT_Q2 bound to: 1'b0 
	Parameter INIT_Q3 bound to: 1'b0 
	Parameter INIT_Q4 bound to: 1'b0 
	Parameter INTERFACE_TYPE bound to: NETWORKING - type: string 
	Parameter IOBDELAY bound to: IFD - type: string 
	Parameter IS_CLKB_INVERTED bound to: 1'b0 
	Parameter IS_CLKDIVP_INVERTED bound to: 1'b0 
	Parameter IS_CLKDIV_INVERTED bound to: 1'b0 
	Parameter IS_CLK_INVERTED bound to: 1'b0 
	Parameter IS_D_INVERTED bound to: 1'b0 
	Parameter IS_OCLKB_INVERTED bound to: 1'b0 
	Parameter IS_OCLK_INVERTED bound to: 1'b0 
	Parameter NUM_CE bound to: 2 - type: integer 
	Parameter OFB_USED bound to: FALSE - type: string 
	Parameter SERDES_MODE bound to: SLAVE - type: string 
	Parameter SRVAL_Q1 bound to: 1'b0 
	Parameter SRVAL_Q2 bound to: 1'b0 
	Parameter SRVAL_Q3 bound to: 1'b0 
	Parameter SRVAL_Q4 bound to: 1'b0 
INFO: [Synth 8-113] binding component instance 'DeserializerSlave' to cell 'ISERDESE2' [e:/GT/base/project_1/project_1.srcs/sources_1/bd/base/ipshared/269e/src/InputSERDES.vhd:172]
INFO: [Synth 8-256] done synthesizing module 'InputSERDES' (4#1) [e:/GT/base/project_1/project_1.srcs/sources_1/bd/base/ipshared/269e/src/InputSERDES.vhd:85]
INFO: [Synth 8-638] synthesizing module 'SyncBase' [e:/GT/base/project_1/project_1.srcs/sources_1/bd/base/ipshared/269e/src/SyncBase.vhd:74]
	Parameter kResetTo bound to: 1'b0 
	Parameter kStages bound to: 2 - type: integer 
INFO: [Synth 8-638] synthesizing module 'SyncAsync__parameterized1' [e:/GT/base/project_1/project_1.srcs/sources_1/bd/base/ipshared/269e/src/SyncAsync.vhd:72]
	Parameter kResetTo bound to: 1'b0 
	Parameter kStages bound to: 2 - type: integer 
INFO: [Synth 8-256] done synthesizing module 'SyncAsync__parameterized1' (4#1) [e:/GT/base/project_1/project_1.srcs/sources_1/bd/base/ipshared/269e/src/SyncAsync.vhd:72]
INFO: [Synth 8-256] done synthesizing module 'SyncBase' (5#1) [e:/GT/base/project_1/project_1.srcs/sources_1/bd/base/ipshared/269e/src/SyncBase.vhd:74]
INFO: [Synth 8-638] synthesizing module 'SyncBase__parameterized0' [e:/GT/base/project_1/project_1.srcs/sources_1/bd/base/ipshared/269e/src/SyncBase.vhd:74]
	Parameter kResetTo bound to: 1'b1 
	Parameter kStages bound to: 2 - type: integer 
INFO: [Synth 8-256] done synthesizing module 'SyncBase__parameterized0' (5#1) [e:/GT/base/project_1/project_1.srcs/sources_1/bd/base/ipshared/269e/src/SyncBase.vhd:74]
INFO: [Synth 8-638] synthesizing module 'PhaseAlign' [e:/GT/base/project_1/project_1.srcs/sources_1/bd/base/ipshared/269e/src/PhaseAlign.vhd:95]
	Parameter kUseFastAlgorithm bound to: 0 - type: bool 
	Parameter kCtlTknCount bound to: 128 - type: integer 
	Parameter kIDLY_TapValuePs bound to: 78 - type: integer 
	Parameter kIDLY_TapWidth bound to: 5 - type: integer 
INFO: [Synth 8-256] done synthesizing module 'PhaseAlign' (6#1) [e:/GT/base/project_1/project_1.srcs/sources_1/bd/base/ipshared/269e/src/PhaseAlign.vhd:95]
INFO: [Synth 8-638] synthesizing module 'ChannelBond' [e:/GT/base/project_1/project_1.srcs/sources_1/bd/base/ipshared/269e/src/ChannelBond.vhd:74]
INFO: [Synth 8-256] done synthesizing module 'ChannelBond' (7#1) [e:/GT/base/project_1/project_1.srcs/sources_1/bd/base/ipshared/269e/src/ChannelBond.vhd:74]
INFO: [Synth 8-256] done synthesizing module 'TMDS_Decoder' (8#1) [e:/GT/base/project_1/project_1.srcs/sources_1/bd/base/ipshared/269e/src/TMDS_Decoder.vhd:96]
INFO: [Synth 8-638] synthesizing module 'EEPROM_8b' [e:/GT/base/project_1/project_1.srcs/sources_1/bd/base/ipshared/269e/src/EEPROM_8b.vhd:85]
	Parameter kSampleClkFreqInMHz bound to: 200 - type: integer 
	Parameter kSlaveAddress bound to: 7'b1010000 
	Parameter kAddrBits bound to: 7 - type: integer 
	Parameter kWritable bound to: 0 - type: bool 
	Parameter kInitFileName bound to: 720p_edid.data - type: string 
INFO: [Synth 8-638] synthesizing module 'TWI_SlaveCtl' [e:/GT/base/project_1/project_1.srcs/sources_1/bd/base/ipshared/269e/src/TWI_SlaveCtl.vhd:87]
	Parameter SLAVE_ADDRESS bound to: 8'b10100000 
	Parameter kSampleClkFreqInMHz bound to: 200 - type: integer 
INFO: [Synth 8-638] synthesizing module 'GlitchFilter' [e:/GT/base/project_1/project_1.srcs/sources_1/bd/base/ipshared/269e/src/GlitchFilter.vhd:69]
	Parameter kNoOfPeriodsToFilter bound to: 10 - type: integer 
INFO: [Synth 8-256] done synthesizing module 'GlitchFilter' (9#1) [e:/GT/base/project_1/project_1.srcs/sources_1/bd/base/ipshared/269e/src/GlitchFilter.vhd:69]
INFO: [Synth 8-256] done synthesizing module 'TWI_SlaveCtl' (10#1) [e:/GT/base/project_1/project_1.srcs/sources_1/bd/base/ipshared/269e/src/TWI_SlaveCtl.vhd:87]
INFO: [Synth 8-226] default block is never used [e:/GT/base/project_1/project_1.srcs/sources_1/bd/base/ipshared/269e/src/EEPROM_8b.vhd:201]
INFO: [Synth 8-256] done synthesizing module 'EEPROM_8b' (11#1) [e:/GT/base/project_1/project_1.srcs/sources_1/bd/base/ipshared/269e/src/EEPROM_8b.vhd:85]
INFO: [Synth 8-256] done synthesizing module 'dvi2rgb' (12#1) [e:/GT/base/project_1/project_1.srcs/sources_1/bd/base/ipshared/269e/src/dvi2rgb.vhd:110]
INFO: [Synth 8-256] done synthesizing module 'base_dvi2rgb_0_0' (13#1) [e:/GT/base/project_1/project_1.srcs/sources_1/bd/base/ip/base_dvi2rgb_0_0/synth/base_dvi2rgb_0_0.vhd:80]
---------------------------------------------------------------------------------
Finished RTL Elaboration : Time (s): cpu = 00:00:05 ; elapsed = 00:00:56 . Memory (MB): peak = 1470.281 ; gain = 0.000
---------------------------------------------------------------------------------
---------------------------------------------------------------------------------
Start Handling Custom Attributes
---------------------------------------------------------------------------------
---------------------------------------------------------------------------------
Finished Handling Custom Attributes : Time (s): cpu = 00:00:06 ; elapsed = 00:00:57 . Memory (MB): peak = 1470.281 ; gain = 0.000
---------------------------------------------------------------------------------
---------------------------------------------------------------------------------
Finished RTL Optimization Phase 1 : Time (s): cpu = 00:00:06 ; elapsed = 00:00:57 . Memory (MB): peak = 1470.281 ; gain = 0.000
---------------------------------------------------------------------------------
Netlist sorting complete. Time (s): cpu = 00:00:00 ; elapsed = 00:00:00.016 . Memory (MB): peak = 1470.281 ; gain = 0.000
INFO: [Netlist 29-17] Analyzing 15 Unisim elements for replacement
INFO: [Netlist 29-28] Unisim Transformation completed in 0 CPU seconds
INFO: [Project 1-570] Preparing netlist for logic optimization

Processing XDC Constraints
Initializing timing engine
Parsing XDC File [e:/GT/base/project_1/project_1.srcs/sources_1/bd/base/ip/base_dvi2rgb_0_0/src/dvi2rgb_ooc.xdc] for cell 'U0'
Finished Parsing XDC File [e:/GT/base/project_1/project_1.srcs/sources_1/bd/base/ip/base_dvi2rgb_0_0/src/dvi2rgb_ooc.xdc] for cell 'U0'
Parsing XDC File [e:/GT/base/project_1/project_1.srcs/sources_1/bd/base/ip/base_dvi2rgb_0_0/src/dvi2rgb.xdc] for cell 'U0'
Finished Parsing XDC File [e:/GT/base/project_1/project_1.srcs/sources_1/bd/base/ip/base_dvi2rgb_0_0/src/dvi2rgb.xdc] for cell 'U0'
Parsing XDC File [E:/GT/base/project_1/project_1.runs/base_dvi2rgb_0_0_synth_1/dont_touch.xdc]
Finished Parsing XDC File [E:/GT/base/project_1/project_1.runs/base_dvi2rgb_0_0_synth_1/dont_touch.xdc]
Completed Processing XDC Constraints

Netlist sorting complete. Time (s): cpu = 00:00:00 ; elapsed = 00:00:00.002 . Memory (MB): peak = 1470.281 ; gain = 0.000
INFO: [Project 1-111] Unisim Transformation Summary:
No Unisim elements were transformed.

INFO: [Timing 38-2] Deriving generated clocks
Constraint Validation Runtime : Time (s): cpu = 00:00:00 ; elapsed = 00:00:00.334 . Memory (MB): peak = 1470.281 ; gain = 0.000
---------------------------------------------------------------------------------
Finished Constraint Validation : Time (s): cpu = 00:00:13 ; elapsed = 00:01:15 . Memory (MB): peak = 1470.281 ; gain = 0.000
---------------------------------------------------------------------------------
---------------------------------------------------------------------------------
Start Loading Part and Timing Information
---------------------------------------------------------------------------------
Loading part: xc7z020clg400-1
---------------------------------------------------------------------------------
Finished Loading Part and Timing Information : Time (s): cpu = 00:00:13 ; elapsed = 00:01:15 . Memory (MB): peak = 1470.281 ; gain = 0.000
---------------------------------------------------------------------------------
---------------------------------------------------------------------------------
Start Applying 'set_property' XDC Constraints
---------------------------------------------------------------------------------
Applied set_property KEEP_HIERARCHY = SOFT for U0. (constraint file  E:/GT/base/project_1/project_1.runs/base_dvi2rgb_0_0_synth_1/dont_touch.xdc, line 9).
---------------------------------------------------------------------------------
Finished applying 'set_property' XDC Constraints : Time (s): cpu = 00:00:13 ; elapsed = 00:01:15 . Memory (MB): peak = 1470.281 ; gain = 0.000
---------------------------------------------------------------------------------
INFO: [Synth 8-802] inferred FSM for state register 'pState_reg' in module 'PhaseAlign'
INFO: [Synth 8-802] inferred FSM for state register 'state_reg' in module 'TWI_SlaveCtl'
INFO: [Synth 8-802] inferred FSM for state register 'sState_reg' in module 'EEPROM_8b'
---------------------------------------------------------------------------------------------------
                   State |                     New Encoding |                Previous Encoding 
---------------------------------------------------------------------------------------------------
*
                 resetst |                      00000000001 |                      00000000001
                  idlest |                      00000000010 |                      00000000010
                 tokenst |                      00000000100 |                      00000000100
               eyeopenst |                      00000001000 |                      00000001000
               jtrzonest |                      00000010000 |                      00000010000
                dlydecst |                      00010000000 |                      00010000000
          dlytstcenterst |                      00100000000 |                      00100000000
               alignedst |                      01000000000 |                      01000000000
                dlyincst |                      00000100000 |                      00000100000
             dlytstovfst |                      00001000000 |                      00001000000
            alignerrorst |                      10000000000 |                      10000000000
---------------------------------------------------------------------------------------------------
INFO: [Synth 8-3898] No Re-encoding of one hot register 'pState_reg' in module 'PhaseAlign'
---------------------------------------------------------------------------------------------------
                   State |                     New Encoding |                Previous Encoding 
---------------------------------------------------------------------------------------------------
                  stidle |                              000 |                              000
               staddress |                              011 |                              001
            stturnaround |                              110 |                              110
                  stsack |                              100 |                              100
                  stread |                              001 |                              010
                  stmack |                              010 |                              101
                 stwrite |                              111 |                              011
---------------------------------------------------------------------------------------------------
INFO: [Synth 8-3354] encoded FSM with state register 'state_reg' using encoding 'gray' in module 'TWI_SlaveCtl'
---------------------------------------------------------------------------------------------------
                   State |                     New Encoding |                Previous Encoding 
---------------------------------------------------------------------------------------------------
                  stidle |                             0001 |                               00
                  stread |                             0010 |                               01
            stregaddress |                             0100 |                               11
                 stwrite |                             1000 |                               10
---------------------------------------------------------------------------------------------------
INFO: [Synth 8-3354] encoded FSM with state register 'sState_reg' using encoding 'one-hot' in module 'EEPROM_8b'
---------------------------------------------------------------------------------
Finished RTL Optimization Phase 2 : Time (s): cpu = 00:00:14 ; elapsed = 00:01:16 . Memory (MB): peak = 1470.281 ; gain = 0.000
---------------------------------------------------------------------------------
---------------------------------------------------------------------------------
Start RTL Component Statistics 
---------------------------------------------------------------------------------
Detailed RTL Component Info : 
+---Adders : 
	   2 Input    7 Bit       Adders := 4     
	   2 Input    6 Bit       Adders := 3     
	   2 Input    5 Bit       Adders := 13    
	   2 Input    4 Bit       Adders := 2     
	   2 Input    3 Bit       Adders := 1     
	   2 Input    2 Bit       Adders := 6     
+---XORs : 
	   2 Input      1 Bit         XORs := 42    
+---Registers : 
	               10 Bit    Registers := 6     
	                8 Bit    Registers := 5     
	                7 Bit    Registers := 4     
	                6 Bit    Registers := 3     
	                5 Bit    Registers := 13    
	                4 Bit    Registers := 2     
	                3 Bit    Registers := 1     
	                2 Bit    Registers := 20    
	                1 Bit    Registers := 102   
+---RAMs : 
	              320 Bit	(32 X 10 bit)          RAMs := 3     
+---Muxes : 
	  12 Input   11 Bit        Muxes := 3     
	   2 Input   11 Bit        Muxes := 3     
	   2 Input   10 Bit        Muxes := 3     
	   2 Input    8 Bit        Muxes := 7     
	   5 Input    8 Bit        Muxes := 3     
	 129 Input    8 Bit        Muxes := 1     
	   2 Input    7 Bit        Muxes := 1     
	   2 Input    6 Bit        Muxes := 6     
	   2 Input    5 Bit        Muxes := 3     
	   2 Input    4 Bit        Muxes := 7     
	   4 Input    4 Bit        Muxes := 1     
	   7 Input    3 Bit        Muxes := 1     
	   2 Input    3 Bit        Muxes := 15    
	   2 Input    2 Bit        Muxes := 1     
	   2 Input    1 Bit        Muxes := 83    
	  12 Input    1 Bit        Muxes := 3     
	   3 Input    1 Bit        Muxes := 7     
	   4 Input    1 Bit        Muxes := 4     
	   5 Input    1 Bit        Muxes := 6     
	   7 Input    1 Bit        Muxes := 1     
---------------------------------------------------------------------------------
Finished RTL Component Statistics 
---------------------------------------------------------------------------------
---------------------------------------------------------------------------------
Start Part Resource Summary
---------------------------------------------------------------------------------
Part Resources:
DSPs: 220 (col length:60)
BRAMs: 280 (col length: RAMB18 60 RAMB36 30)
---------------------------------------------------------------------------------
Finished Part Resource Summary
---------------------------------------------------------------------------------
---------------------------------------------------------------------------------
Start Cross Boundary and Area Optimization
---------------------------------------------------------------------------------
---------------------------------------------------------------------------------
Finished Cross Boundary and Area Optimization : Time (s): cpu = 00:00:18 ; elapsed = 00:01:22 . Memory (MB): peak = 1470.281 ; gain = 0.000
---------------------------------------------------------------------------------
---------------------------------------------------------------------------------
Start ROM, RAM, DSP, Shift Register and Retiming Reporting
---------------------------------------------------------------------------------

Distributed RAM: Preliminary Mapping	Report (see note below)
+------------+-------------------------------------------------+-----------+----------------------+-------------+
|Module Name | RTL Object                                      | Inference | Size (Depth x Width) | Primitives  | 
+------------+-------------------------------------------------+-----------+----------------------+-------------+
|U0          | DataDecoders[2].DecoderX/ChannelBondX/pFIFO_reg | Implied   | 32 x 10              | RAM32M x 2	 | 
|U0          | DataDecoders[1].DecoderX/ChannelBondX/pFIFO_reg | Implied   | 32 x 10              | RAM32M x 2	 | 
|U0          | DataDecoders[0].DecoderX/ChannelBondX/pFIFO_reg | Implied   | 32 x 10              | RAM32M x 2	 | 
+------------+-------------------------------------------------+-----------+----------------------+-------------+

Note: The table above is a preliminary report that shows the Distributed RAMs at the current stage of the synthesis flow. Some Distributed RAMs may be reimplemented as non Distributed RAM primitives later in the synthesis flow. Multiple instantiated RAMs are reported only once.
---------------------------------------------------------------------------------
Finished ROM, RAM, DSP, Shift Register and Retiming Reporting
---------------------------------------------------------------------------------
---------------------------------------------------------------------------------
Start Applying XDC Timing Constraints
---------------------------------------------------------------------------------
---------------------------------------------------------------------------------
Finished Applying XDC Timing Constraints : Time (s): cpu = 00:00:25 ; elapsed = 00:01:29 . Memory (MB): peak = 1470.281 ; gain = 0.000
---------------------------------------------------------------------------------
---------------------------------------------------------------------------------
Start Timing Optimization
---------------------------------------------------------------------------------
---------------------------------------------------------------------------------
Finished Timing Optimization : Time (s): cpu = 00:00:25 ; elapsed = 00:01:30 . Memory (MB): peak = 1470.281 ; gain = 0.000
---------------------------------------------------------------------------------
---------------------------------------------------------------------------------
Start ROM, RAM, DSP, Shift Register and Retiming Reporting
---------------------------------------------------------------------------------

Distributed RAM: Final Mapping	Report
+------------+-------------------------------------------------+-----------+----------------------+-------------+
|Module Name | RTL Object                                      | Inference | Size (Depth x Width) | Primitives  | 
+------------+-------------------------------------------------+-----------+----------------------+-------------+
|U0          | DataDecoders[2].DecoderX/ChannelBondX/pFIFO_reg | Implied   | 32 x 10              | RAM32M x 2	 | 
|U0          | DataDecoders[1].DecoderX/ChannelBondX/pFIFO_reg | Implied   | 32 x 10              | RAM32M x 2	 | 
|U0          | DataDecoders[0].DecoderX/ChannelBondX/pFIFO_reg | Implied   | 32 x 10              | RAM32M x 2	 | 
+------------+-------------------------------------------------+-----------+----------------------+-------------+

---------------------------------------------------------------------------------
Finished ROM, RAM, DSP, Shift Register and Retiming Reporting
---------------------------------------------------------------------------------
---------------------------------------------------------------------------------
Start Technology Mapping
---------------------------------------------------------------------------------
---------------------------------------------------------------------------------
Finished Technology Mapping : Time (s): cpu = 00:00:25 ; elapsed = 00:01:30 . Memory (MB): peak = 1470.281 ; gain = 0.000
---------------------------------------------------------------------------------
---------------------------------------------------------------------------------
Start IO Insertion
---------------------------------------------------------------------------------
---------------------------------------------------------------------------------
Start Flattening Before IO Insertion
---------------------------------------------------------------------------------
---------------------------------------------------------------------------------
Finished Flattening Before IO Insertion
---------------------------------------------------------------------------------
---------------------------------------------------------------------------------
Start Final Netlist Cleanup
---------------------------------------------------------------------------------
---------------------------------------------------------------------------------
Finished Final Netlist Cleanup
---------------------------------------------------------------------------------
---------------------------------------------------------------------------------
Finished IO Insertion : Time (s): cpu = 00:00:29 ; elapsed = 00:01:35 . Memory (MB): peak = 1470.281 ; gain = 0.000
---------------------------------------------------------------------------------
---------------------------------------------------------------------------------
Start Renaming Generated Instances
---------------------------------------------------------------------------------
---------------------------------------------------------------------------------
Finished Renaming Generated Instances : Time (s): cpu = 00:00:29 ; elapsed = 00:01:35 . Memory (MB): peak = 1470.281 ; gain = 0.000
---------------------------------------------------------------------------------
---------------------------------------------------------------------------------
Start Rebuilding User Hierarchy
---------------------------------------------------------------------------------
---------------------------------------------------------------------------------
Finished Rebuilding User Hierarchy : Time (s): cpu = 00:00:29 ; elapsed = 00:01:35 . Memory (MB): peak = 1470.281 ; gain = 0.000
---------------------------------------------------------------------------------
---------------------------------------------------------------------------------
Start Renaming Generated Ports
---------------------------------------------------------------------------------
---------------------------------------------------------------------------------
Finished Renaming Generated Ports : Time (s): cpu = 00:00:29 ; elapsed = 00:01:35 . Memory (MB): peak = 1470.281 ; gain = 0.000
---------------------------------------------------------------------------------
---------------------------------------------------------------------------------
Start Handling Custom Attributes
---------------------------------------------------------------------------------
---------------------------------------------------------------------------------
Finished Handling Custom Attributes : Time (s): cpu = 00:00:29 ; elapsed = 00:01:35 . Memory (MB): peak = 1470.281 ; gain = 0.000
---------------------------------------------------------------------------------
---------------------------------------------------------------------------------
Start Renaming Generated Nets
---------------------------------------------------------------------------------
---------------------------------------------------------------------------------
Finished Renaming Generated Nets : Time (s): cpu = 00:00:29 ; elapsed = 00:01:35 . Memory (MB): peak = 1470.281 ; gain = 0.000
---------------------------------------------------------------------------------
---------------------------------------------------------------------------------
Start Writing Synthesis Report
---------------------------------------------------------------------------------

Report BlackBoxes: 
+-+--------------+----------+
| |BlackBox name |Instances |
+-+--------------+----------+
+-+--------------+----------+

Report Cell Usage: 
+------+-----------+------+
|      |Cell       |Count |
+------+-----------+------+
|1     |BUFIO      |     1|
|2     |BUFR       |     1|
|3     |CARRY4     |    18|
|4     |IDELAYCTRL |     1|
|5     |IDELAYE2   |     3|
|6     |ISERDESE2  |     6|
|8     |LUT1       |    25|
|9     |LUT2       |    57|
|10    |LUT3       |    78|
|11    |LUT4       |    71|
|12    |LUT5       |   106|
|13    |LUT6       |   144|
|14    |MMCME2_ADV |     1|
|15    |MUXF7      |     8|
|16    |RAM32M     |     6|
|17    |FDCE       |    10|
|18    |FDPE       |    20|
|19    |FDRE       |   421|
|20    |FDSE       |    12|
|21    |IBUFDS     |     4|
+------+-----------+------+
---------------------------------------------------------------------------------
Finished Writing Synthesis Report : Time (s): cpu = 00:00:29 ; elapsed = 00:01:35 . Memory (MB): peak = 1470.281 ; gain = 0.000
---------------------------------------------------------------------------------
Synthesis finished with 0 errors, 0 critical warnings and 0 warnings.
Synthesis Optimization Runtime : Time (s): cpu = 00:00:20 ; elapsed = 00:01:31 . Memory (MB): peak = 1470.281 ; gain = 0.000
Synthesis Optimization Complete : Time (s): cpu = 00:00:29 ; elapsed = 00:01:35 . Memory (MB): peak = 1470.281 ; gain = 0.000
INFO: [Project 1-571] Translating synthesized netlist
Netlist sorting complete. Time (s): cpu = 00:00:00 ; elapsed = 00:00:00.010 . Memory (MB): peak = 1470.281 ; gain = 0.000
INFO: [Netlist 29-17] Analyzing 47 Unisim elements for replacement
INFO: [Netlist 29-28] Unisim Transformation completed in 0 CPU seconds
INFO: [Project 1-570] Preparing netlist for logic optimization
INFO: [Opt 31-138] Pushed 1 inverter(s) to 6 load pin(s).
Netlist sorting complete. Time (s): cpu = 00:00:00 ; elapsed = 00:00:00 . Memory (MB): peak = 1470.281 ; gain = 0.000
INFO: [Project 1-111] Unisim Transformation Summary:
  A total of 6 instances were transformed.
  RAM32M => RAM32M (RAMD32(x6), RAMS32(x2)): 6 instances

INFO: [Common 17-83] Releasing license: Synthesis
69 Infos, 4 Warnings, 0 Critical Warnings and 0 Errors encountered.
synth_design completed successfully
synth_design: Time (s): cpu = 00:00:37 ; elapsed = 00:02:46 . Memory (MB): peak = 1470.281 ; gain = 100.508
INFO: [Common 17-1381] The checkpoint 'E:/GT/base/project_1/project_1.runs/base_dvi2rgb_0_0_synth_1/base_dvi2rgb_0_0.dcp' has been generated.
WARNING: [Common 17-576] 'use_project_ipc' is deprecated. This option is deprecated and no longer used.
INFO: [Coretcl 2-1648] Added synthesis output to IP cache for IP base_dvi2rgb_0_0, cache-ID = aa7ec15fc4b9467a
INFO: [Coretcl 2-1174] Renamed 39 cell refs.
INFO: [Common 17-1381] The checkpoint 'E:/GT/base/project_1/project_1.runs/base_dvi2rgb_0_0_synth_1/base_dvi2rgb_0_0.dcp' has been generated.
INFO: [runtcl-4] Executing : report_utilization -file base_dvi2rgb_0_0_utilization_synth.rpt -pb base_dvi2rgb_0_0_utilization_synth.pb
INFO: [Common 17-206] Exiting Vivado at Mon Dec  6 00:52:32 2021...
