#-----------------------------------------------------------
# Vivado v2020.2 (64-bit)
# SW Build 3064766 on Wed Nov 18 09:12:45 MST 2020
# IP Build 3064653 on Wed Nov 18 14:17:31 MST 2020
# Start of session at: Sun Jan 23 23:36:58 2022
# Process ID: 4768
# Current directory: D:/vivado_prj/base/project_1
# Command line: vivado.exe -gui_launcher_event rodinguilauncherevent27428 D:\vivado_prj\base\project_1\project_1.xpr
# Log file: D:/vivado_prj/base/project_1/vivado.log
# Journal file: D:/vivado_prj/base/project_1\vivado.jou
#-----------------------------------------------------------
start_gui
open_project D:/vivado_prj/base/project_1/project_1.xpr
INFO: [Project 1-313] Project file moved from 'E:/GT/base/project_1' since last save.
WARNING: [filemgmt 56-2] IP Repository Path: Could not find the directory 'D:/vivado_prj/ip', nor could it be found using path 'E:/GT/ip'.
Scanning sources...
Finished scanning sources
INFO: [IP_Flow 19-234] Refreshing IP repositories
WARNING: [IP_Flow 19-2248] Failed to load user IP repository 'd:/vivado_prj/ip'; Can't find the specified path.
If this directory should no longer be in your list of user repositories, go to the IP Settings dialog and remove it.
INFO: [IP_Flow 19-2313] Loaded Vivado IP repository 'D:/Xilinx/Vivado/2020.2/data/ip'.
WARNING: [BD 41-1661] One or more IPs have been locked in the design 'base.bd'. Please run report_ip_status for more details and recommendations on how to fix this issue.
List of locked IPs:
base_pixel_unpack_0
base_color_convert_0
base_color_swap_0_0
base_dvi2rgb_0_0
base_rgb2dvi_0_0
base_pixel_pack_0
base_color_convert_1
base_axi_dynclk_0
base_color_swap_0_1
base_cnn_top_0_0

open_project: Time (s): cpu = 00:00:22 ; elapsed = 00:00:22 . Memory (MB): peak = 1219.676 ; gain = 75.711
update_compile_order -fileset sources_1
reset_run impl_1 -prev_step 
launch_runs impl_1 -to_step write_bitstream -jobs 20
[Sun Jan 23 23:40:26 2022] Launched impl_1...
Run output will be captured here: D:/vivado_prj/base/project_1/project_1.runs/impl_1/runme.log
open_bd_design {D:/vivado_prj/base/project_1/project_1.srcs/sources_1/bd/base/base.bd}
Reading block design file <D:/vivado_prj/base/project_1/project_1.srcs/sources_1/bd/base/base.bd>...
CRITICAL WARNING: [BD 41-52] Could not find the abstraction definition specified by the vlnv: digilentinc.com:interface:tmds_rtl:1.0 
CRITICAL WARNING: [BD 41-181] Type specified by the VLNV: 'digilentinc.com:interface:tmds_rtl:1.0', cannot be found. Interface port: 'hdmi_in' cannot be created
CRITICAL WARNING: [BD 41-52] Could not find the abstraction definition specified by the vlnv: digilentinc.com:interface:tmds_rtl:1.0 
CRITICAL WARNING: [BD 41-181] Type specified by the VLNV: 'digilentinc.com:interface:tmds_rtl:1.0', cannot be found. Interface port: 'hdmi_out' cannot be created
Adding component instance block -- xilinx.com:ip:processing_system7:5.5 - ps7_0
WARNING: [BD 41-176] The physical port 'S_AXI_GP2_rd_socket' specified in the portmap, is not found on the block! 
WARNING: [BD 41-176] The physical port 'S_AXI_GP2_wr_socket' specified in the portmap, is not found on the block! 
WARNING: [BD 41-176] The physical port 'S_AXI_GP3_rd_socket' specified in the portmap, is not found on the block! 
WARNING: [BD 41-176] The physical port 'S_AXI_GP3_wr_socket' specified in the portmap, is not found on the block! 
Adding component instance block -- xilinx.com:ip:proc_sys_reset:5.0 - rst_ps7_0_fclk0
Adding component instance block -- xilinx.com:ip:proc_sys_reset:5.0 - rst_ps7_0_fclk1
CRITICAL WARNING: [BD 41-52] Could not find the abstraction definition specified by the vlnv: digilentinc.com:interface:tmds_rtl:1.0 
CRITICAL WARNING: [BD 41-181] Type specified by the VLNV: 'digilentinc.com:interface:tmds_rtl:1.0', cannot be found. Interface port: 'TMDS_in' cannot be created
CRITICAL WARNING: [BD 41-52] Could not find the abstraction definition specified by the vlnv: digilentinc.com:interface:tmds_rtl:1.0 
CRITICAL WARNING: [BD 41-181] Type specified by the VLNV: 'digilentinc.com:interface:tmds_rtl:1.0', cannot be found. Interface port: 'TMDS_out' cannot be created
CRITICAL WARNING: [BD 41-52] Could not find the abstraction definition specified by the vlnv: digilentinc.com:interface:tmds_rtl:1.0 
CRITICAL WARNING: [BD 41-181] Type specified by the VLNV: 'digilentinc.com:interface:tmds_rtl:1.0', cannot be found. Interface port: 'TMDS_in' cannot be created
Adding component instance block -- xilinx.com:hls:color_convert:1.0 - color_convert
CRITICAL WARNING: [BD 41-52] Could not find the abstraction definition specified by the vlnv: digilentinc.com:interface:tmds_rtl:1.0 
CRITICAL WARNING: [BD 41-181] Type specified by the VLNV: 'digilentinc.com:interface:tmds_rtl:1.0', cannot be found. Interface port: 'TMDS_in' cannot be created
Adding component instance block -- xilinx.com:user:color_swap:1.1 - color_swap_0
Adding component instance block -- digilentinc.com:ip:dvi2rgb:1.7 - dvi2rgb_0
CRITICAL WARNING: [BD 41-51] Could not find bus definition for the interface: TMDS 
CRITICAL WARNING: [BD 41-49] Could not find abstraction definition for the interface: TMDS 
CRITICAL WARNING: [BD 41-49] Could not find abstraction definition for the interface: TMDS 
Adding component instance block -- xilinx.com:ip:v_vid_in_axi4s:4.0 - v_vid_in_axi4s_0
Adding component instance block -- xilinx.com:ip:axi_gpio:2.0 - axi_gpio_hdmiin
Adding component instance block -- xilinx.com:ip:v_tc:6.2 - vtc_in
CRITICAL WARNING: [BD 41-2161] Unable to find interface <TMDS_in> in cell <> while setting up interface connections during loading of BD file.
Adding component instance block -- xilinx.com:hls:pixel_pack:1.0 - pixel_pack
Adding component instance block -- xilinx.com:ip:axis_register_slice:1.1 - axis_register_slice_0
CRITICAL WARNING: [BD 41-2161] Unable to find interface <TMDS_in> in cell <> while setting up interface connections during loading of BD file.
CRITICAL WARNING: [BD 41-2161] Unable to find interface <TMDS_in> in cell <frontend> while setting up interface connections during loading of BD file.
CRITICAL WARNING: [BD 41-52] Could not find the abstraction definition specified by the vlnv: digilentinc.com:interface:tmds_rtl:1.0 
CRITICAL WARNING: [BD 41-181] Type specified by the VLNV: 'digilentinc.com:interface:tmds_rtl:1.0', cannot be found. Interface port: 'TMDS_out' cannot be created
Adding component instance block -- xilinx.com:hls:color_convert:1.0 - color_convert
CRITICAL WARNING: [BD 41-52] Could not find the abstraction definition specified by the vlnv: digilentinc.com:interface:tmds_rtl:1.0 
CRITICAL WARNING: [BD 41-181] Type specified by the VLNV: 'digilentinc.com:interface:tmds_rtl:1.0', cannot be found. Interface port: 'TMDS_out' cannot be created
Adding component instance block -- digilentinc.com:ip:axi_dynclk:1.0 - axi_dynclk
Adding component instance block -- xilinx.com:user:color_swap:1.1 - color_swap_0
Adding component instance block -- digilentinc.com:ip:rgb2dvi:1.2 - rgb2dvi_0
CRITICAL WARNING: [BD 41-51] Could not find bus definition for the interface: TMDS 
CRITICAL WARNING: [BD 41-49] Could not find abstraction definition for the interface: TMDS 
CRITICAL WARNING: [BD 41-49] Could not find abstraction definition for the interface: TMDS 
Adding component instance block -- xilinx.com:ip:axi_gpio:2.0 - hdmi_out_hpd_video
Adding component instance block -- xilinx.com:ip:v_axi4s_vid_out:4.0 - v_axi4s_vid_out_0
Adding component instance block -- xilinx.com:ip:v_tc:6.2 - vtc_out
CRITICAL WARNING: [BD 41-2161] Unable to find interface <TMDS_out> in cell <> while setting up interface connections during loading of BD file.
Adding component instance block -- xilinx.com:hls:pixel_unpack:1.0 - pixel_unpack
Adding component instance block -- xilinx.com:ip:axis_register_slice:1.1 - axis_register_slice_0
CRITICAL WARNING: [BD 41-2161] Unable to find interface <TMDS_out> in cell <> while setting up interface connections during loading of BD file.
CRITICAL WARNING: [BD 41-2161] Unable to find interface <TMDS_out> in cell <frontend> while setting up interface connections during loading of BD file.
Adding component instance block -- xilinx.com:ip:proc_sys_reset:5.0 - proc_sys_reset_pixelclk
Adding component instance block -- xilinx.com:ip:axi_interconnect:2.1 - axi_interconnect_0
Adding component instance block -- xilinx.com:ip:axi_crossbar:2.1 - xbar
Adding component instance block -- xilinx.com:ip:axi_register_slice:2.1 - s00_regslice
Adding component instance block -- xilinx.com:ip:axi_protocol_converter:2.1 - auto_pc
Adding component instance block -- xilinx.com:ip:axi_register_slice:2.1 - m00_regslice
Adding component instance block -- xilinx.com:ip:axi_register_slice:2.1 - m01_regslice
Adding component instance block -- xilinx.com:ip:axi_clock_converter:2.1 - auto_cc
Adding component instance block -- xilinx.com:ip:axi_register_slice:2.1 - m02_regslice
Adding component instance block -- xilinx.com:ip:axi_clock_converter:2.1 - auto_cc
Adding component instance block -- xilinx.com:ip:axi_register_slice:2.1 - m03_regslice
Adding component instance block -- xilinx.com:ip:axi_register_slice:2.1 - m04_regslice
Adding component instance block -- xilinx.com:ip:axi_register_slice:2.1 - m05_regslice
Adding component instance block -- xilinx.com:ip:axi_register_slice:2.1 - m06_regslice
Adding component instance block -- xilinx.com:ip:axi_clock_converter:2.1 - auto_cc
Adding component instance block -- xilinx.com:ip:axi_register_slice:2.1 - m07_regslice
Adding component instance block -- xilinx.com:ip:axi_clock_converter:2.1 - auto_cc
Adding component instance block -- xilinx.com:ip:axi_register_slice:2.1 - m08_regslice
Adding component instance block -- xilinx.com:ip:axi_register_slice:2.1 - m09_regslice
Adding component instance block -- xilinx.com:ip:axi_interconnect:2.1 - axi_mem_intercon
Adding component instance block -- xilinx.com:ip:axi_crossbar:2.1 - xbar
Adding component instance block -- xilinx.com:ip:axi_dwidth_converter:2.1 - auto_us
Adding component instance block -- xilinx.com:ip:axi_protocol_converter:2.1 - auto_pc
Adding component instance block -- xilinx.com:ip:axi_vdma:6.3 - axi_vdma
Adding component instance block -- xilinx.com:ip:xlconcat:2.1 - xlconcat_0
CRITICAL WARNING: [BD 41-2161] Unable to find interface <TMDS_in> in cell <> while setting up interface connections during loading of BD file.
CRITICAL WARNING: [BD 41-2161] Unable to find interface <TMDS_in> in cell <hdmi_in> while setting up interface connections during loading of BD file.
CRITICAL WARNING: [BD 41-2161] Unable to find interface <TMDS_out> in cell <> while setting up interface connections during loading of BD file.
CRITICAL WARNING: [BD 41-2161] Unable to find interface <TMDS_out> in cell <hdmi_out> while setting up interface connections during loading of BD file.
Adding component instance block -- xilinx.com:ip:axi_gpio:2.0 - btns_gpio
Adding component instance block -- xilinx.com:ip:clk_wiz:6.0 - clk_wiz_10MHz
Adding component instance block -- xilinx.com:ip:xlconcat:2.1 - concat_interrupts
Adding component instance block -- xilinx.com:ip:axi_gpio:2.0 - leds_gpio
Adding component instance block -- xilinx.com:ip:axi_interconnect:2.1 - ps7_0_axi_periph
Adding component instance block -- xilinx.com:ip:axi_crossbar:2.1 - xbar
Adding component instance block -- xilinx.com:ip:axi_register_slice:2.1 - s00_regslice
Adding component instance block -- xilinx.com:ip:axi_protocol_converter:2.1 - auto_pc
Adding component instance block -- xilinx.com:ip:axi_register_slice:2.1 - m00_regslice
Adding component instance block -- xilinx.com:ip:axi_protocol_converter:2.1 - auto_pc
Adding component instance block -- xilinx.com:ip:axi_register_slice:2.1 - m01_regslice
Adding component instance block -- xilinx.com:ip:axi_register_slice:2.1 - m02_regslice
Adding component instance block -- xilinx.com:ip:axi_protocol_converter:2.1 - auto_pc
Adding component instance block -- xilinx.com:ip:axi_register_slice:2.1 - m03_regslice
Adding component instance block -- xilinx.com:ip:axi_protocol_converter:2.1 - auto_pc
Adding component instance block -- xilinx.com:ip:axi_register_slice:2.1 - m04_regslice
Adding component instance block -- xilinx.com:ip:axi_protocol_converter:2.1 - auto_pc
Adding component instance block -- xilinx.com:ip:axi_register_slice:2.1 - m05_regslice
Adding component instance block -- xilinx.com:ip:axi_protocol_converter:2.1 - auto_pc
Adding component instance block -- xilinx.com:ip:axi_register_slice:2.1 - m06_regslice
Adding component instance block -- xilinx.com:ip:axi_protocol_converter:2.1 - auto_pc
Adding component instance block -- xilinx.com:ip:axi_register_slice:2.1 - m07_regslice
Adding component instance block -- xilinx.com:ip:axi_protocol_converter:2.1 - auto_pc
Adding component instance block -- xilinx.com:ip:axi_gpio:2.0 - switches_gpio
Adding component instance block -- xilinx.com:ip:axi_intc:4.1 - system_interrupts
Adding component instance block -- xilinx.com:ip:xlconcat:2.1 - xlconcat_0
Adding component instance block -- xilinx.com:ip:axi_dma:7.1 - axi_dma_0
WARNING: [BD 41-1282] Ignoring parameter HAS_BURST
WARNING: [BD 41-1281] Parameter HAS_BURST is not defined on /gesture/axi_dma_0/M_AXIS_MM2S. Setting parameter on /gesture/axi_dma_0/M_AXIS_MM2S failed
Adding component instance block -- xilinx.com:ip:axi_dma:7.1 - axi_dma_1
WARNING: [BD 41-1282] Ignoring parameter HAS_BURST
WARNING: [BD 41-1281] Parameter HAS_BURST is not defined on /gesture/axi_dma_1/M_AXIS_MM2S. Setting parameter on /gesture/axi_dma_1/M_AXIS_MM2S failed
Adding component instance block -- xilinx.com:ip:blk_mem_gen:8.4 - gesture_top_0_bram
Adding component instance block -- xilinx.com:ip:axi_interconnect:2.1 - axi_interconnect_0
Adding component instance block -- xilinx.com:ip:axi_crossbar:2.1 - xbar
Adding component instance block -- xilinx.com:ip:axi_dwidth_converter:2.1 - auto_us
Adding component instance block -- xilinx.com:ip:axi_dwidth_converter:2.1 - auto_us
Adding component instance block -- xilinx.com:ip:axi_dwidth_converter:2.1 - auto_us
Adding component instance block -- xilinx.com:ip:axi_protocol_converter:2.1 - auto_pc
Adding component instance block -- xilinx.com:user:cnn_top:1.0 - cnn_top_0
CRITICAL WARNING: [BD 41-2161] Unable to find interface <hdmi_out> in cell <> while setting up interface connections during loading of BD file.
CRITICAL WARNING: [BD 41-2161] Unable to find interface <TMDS_out> in cell <video> while setting up interface connections during loading of BD file.
CRITICAL WARNING: [BD 41-2161] Unable to find interface <hdmi_in> in cell <> while setting up interface connections during loading of BD file.
CRITICAL WARNING: [BD 41-2161] Unable to find interface <TMDS_in> in cell <video> while setting up interface connections during loading of BD file.
Successfully read diagram <base> from block design file <D:/vivado_prj/base/project_1/project_1.srcs/sources_1/bd/base/base.bd>
open_bd_design: Time (s): cpu = 00:00:25 ; elapsed = 00:00:22 . Memory (MB): peak = 1701.781 ; gain = 352.699
reset_run impl_1 -prev_step 
set_property  ip_repo_paths  {d:/vivado_prj/ip D:/vivado_prj/base/ip} [current_project]
update_ip_catalog
INFO: [IP_Flow 19-234] Refreshing IP repositories
WARNING: [IP_Flow 19-2248] Failed to load user IP repository 'd:/vivado_prj/ip'; Can't find the specified path.
If this directory should no longer be in your list of user repositories, go to the IP Settings dialog and remove it.
INFO: [IP_Flow 19-1700] Loaded user IP repository 'd:/vivado_prj/base/ip'.
set_property  ip_repo_paths  {d:/vivado_prj/ip d:/vivado_prj/base/ip D:/Xilinx/Vitis_Libraries-2020.2_update1/vision/L1} [current_project]
update_ip_catalog
INFO: [IP_Flow 19-234] Refreshing IP repositories
WARNING: [IP_Flow 19-2248] Failed to load user IP repository 'd:/vivado_prj/ip'; Can't find the specified path.
If this directory should no longer be in your list of user repositories, go to the IP Settings dialog and remove it.
INFO: [IP_Flow 19-1700] Loaded user IP repository 'd:/vivado_prj/base/ip'.
INFO: [IP_Flow 19-1700] Loaded user IP repository 'd:/Xilinx/Vitis_Libraries-2020.2_update1/vision/L1'.
WARNING: [IP_Flow 19-1663] Duplicate IP found for 'xilinx.com:hls:resize_accel:1.0'. The one found in IP location 'd:/Xilinx/Vitis_Libraries-2020.2_update1/vision/L1/examples/resize/hls_example/sol1/impl/ip' will take precedence over the same IP in location d:/Xilinx/Vitis_Libraries-2020.2_update1/vision/L1/examples/resize/resize_example/sol1/impl/ip
set_property  ip_repo_paths  {d:/vivado_prj/base/ip d:/Xilinx/Vitis_Libraries-2020.2_update1/vision/L1} [current_project]
update_ip_catalog
INFO: [IP_Flow 19-234] Refreshing IP repositories
INFO: [IP_Flow 19-1700] Loaded user IP repository 'd:/vivado_prj/base/ip'.
INFO: [IP_Flow 19-1700] Loaded user IP repository 'd:/Xilinx/Vitis_Libraries-2020.2_update1/vision/L1'.
WARNING: [IP_Flow 19-1663] Duplicate IP found for 'xilinx.com:hls:resize_accel:1.0'. The one found in IP location 'd:/Xilinx/Vitis_Libraries-2020.2_update1/vision/L1/examples/resize/hls_example/sol1/impl/ip' will take precedence over the same IP in location d:/Xilinx/Vitis_Libraries-2020.2_update1/vision/L1/examples/resize/resize_example/sol1/impl/ip
reset_run synth_1
reset_run base_ps7_0_0_synth_1
reset_run base_xbar_11_synth_1
reset_run base_xbar_13_synth_1
launch_runs impl_1 -to_step write_bitstream -jobs 20
couldn't read file "d:/vivado_prj/base/ip/hls/color_convert/solution1/impl/ip/common_tcl/color_convert_v1_0_datatype.tcl": no such file or directory
ERROR: [BD 41-1273] Error running propagate TCL procedure: couldn't read file "d:/vivado_prj/base/ip/hls/color_convert/solution1/impl/ip/common_tcl/color_convert_v1_0_datatype.tcl": no such file or directory
    source_subcore_ipfile Line 10
couldn't read file "d:/vivado_prj/base/ip/hls/pixel_pack/solution1/impl/ip/common_tcl/pixel_pack_v1_0_datatype.tcl": no such file or directory
ERROR: [BD 41-1273] Error running propagate TCL procedure: couldn't read file "d:/vivado_prj/base/ip/hls/pixel_pack/solution1/impl/ip/common_tcl/pixel_pack_v1_0_datatype.tcl": no such file or directory
    source_subcore_ipfile Line 10
couldn't read file "d:/vivado_prj/base/ip/hls/color_convert/solution1/impl/ip/common_tcl/color_convert_v1_0_datatype.tcl": no such file or directory
ERROR: [BD 41-1273] Error running propagate TCL procedure: couldn't read file "d:/vivado_prj/base/ip/hls/color_convert/solution1/impl/ip/common_tcl/color_convert_v1_0_datatype.tcl": no such file or directory
    source_subcore_ipfile Line 10
couldn't read file "d:/vivado_prj/base/ip/hls/pixel_unpack/solution1/impl/ip/common_tcl/pixel_unpack_v1_0_datatype.tcl": no such file or directory
ERROR: [BD 41-1273] Error running propagate TCL procedure: couldn't read file "d:/vivado_prj/base/ip/hls/pixel_unpack/solution1/impl/ip/common_tcl/pixel_unpack_v1_0_datatype.tcl": no such file or directory
    source_subcore_ipfile Line 10
couldn't read file "d:/vivado_prj/base/ip/hls/color_convert/solution1/impl/ip/common_tcl/color_convert_v1_0_datatype.tcl": no such file or directory
ERROR: [BD 41-1273] Error running propagate TCL procedure: couldn't read file "d:/vivado_prj/base/ip/hls/color_convert/solution1/impl/ip/common_tcl/color_convert_v1_0_datatype.tcl": no such file or directory
    source_subcore_ipfile Line 10
couldn't read file "d:/vivado_prj/base/ip/hls/pixel_unpack/solution1/impl/ip/common_tcl/pixel_unpack_v1_0_datatype.tcl": no such file or directory
ERROR: [BD 41-1273] Error running propagate TCL procedure: couldn't read file "d:/vivado_prj/base/ip/hls/pixel_unpack/solution1/impl/ip/common_tcl/pixel_unpack_v1_0_datatype.tcl": no such file or directory
    source_subcore_ipfile Line 10
couldn't read file "d:/vivado_prj/base/ip/hls/color_convert/solution1/impl/ip/common_tcl/color_convert_v1_0_datatype.tcl": no such file or directory
ERROR: [BD 41-1273] Error running propagate TCL procedure: couldn't read file "d:/vivado_prj/base/ip/hls/color_convert/solution1/impl/ip/common_tcl/color_convert_v1_0_datatype.tcl": no such file or directory
    source_subcore_ipfile Line 10
couldn't read file "d:/vivado_prj/base/ip/hls/pixel_pack/solution1/impl/ip/common_tcl/pixel_pack_v1_0_datatype.tcl": no such file or directory
ERROR: [BD 41-1273] Error running propagate TCL procedure: couldn't read file "d:/vivado_prj/base/ip/hls/pixel_pack/solution1/impl/ip/common_tcl/pixel_pack_v1_0_datatype.tcl": no such file or directory
    source_subcore_ipfile Line 10
couldn't read file "d:/vivado_prj/base/ip/hls/pixel_unpack/solution1/impl/ip/common_tcl/pixel_unpack_v1_0_datatype.tcl": no such file or directory
ERROR: [BD 41-1273] Error running propagate TCL procedure: couldn't read file "d:/vivado_prj/base/ip/hls/pixel_unpack/solution1/impl/ip/common_tcl/pixel_unpack_v1_0_datatype.tcl": no such file or directory
    source_subcore_ipfile Line 10
couldn't read file "d:/vivado_prj/base/ip/hls/color_convert/solution1/impl/ip/common_tcl/color_convert_v1_0_datatype.tcl": no such file or directory
ERROR: [BD 41-1273] Error running propagate TCL procedure: couldn't read file "d:/vivado_prj/base/ip/hls/color_convert/solution1/impl/ip/common_tcl/color_convert_v1_0_datatype.tcl": no such file or directory
    source_subcore_ipfile Line 10
couldn't read file "d:/vivado_prj/base/ip/hls/color_convert/solution1/impl/ip/common_tcl/color_convert_v1_0_datatype.tcl": no such file or directory
ERROR: [BD 41-1273] Error running propagate TCL procedure: couldn't read file "d:/vivado_prj/base/ip/hls/color_convert/solution1/impl/ip/common_tcl/color_convert_v1_0_datatype.tcl": no such file or directory
    source_subcore_ipfile Line 10
couldn't read file "d:/vivado_prj/base/ip/hls/pixel_pack/solution1/impl/ip/common_tcl/pixel_pack_v1_0_datatype.tcl": no such file or directory
ERROR: [BD 41-1273] Error running propagate TCL procedure: couldn't read file "d:/vivado_prj/base/ip/hls/pixel_pack/solution1/impl/ip/common_tcl/pixel_pack_v1_0_datatype.tcl": no such file or directory
    source_subcore_ipfile Line 10
couldn't read file "d:/vivado_prj/base/ip/hls/pixel_unpack/solution1/impl/ip/common_tcl/pixel_unpack_v1_0_datatype.tcl": no such file or directory
ERROR: [BD 41-1273] Error running propagate TCL procedure: couldn't read file "d:/vivado_prj/base/ip/hls/pixel_unpack/solution1/impl/ip/common_tcl/pixel_unpack_v1_0_datatype.tcl": no such file or directory
    source_subcore_ipfile Line 10
couldn't read file "d:/vivado_prj/base/ip/hls/color_convert/solution1/impl/ip/common_tcl/color_convert_v1_0_datatype.tcl": no such file or directory
ERROR: [BD 41-1273] Error running propagate TCL procedure: couldn't read file "d:/vivado_prj/base/ip/hls/color_convert/solution1/impl/ip/common_tcl/color_convert_v1_0_datatype.tcl": no such file or directory
    source_subcore_ipfile Line 10
couldn't read file "d:/vivado_prj/base/ip/hls/color_convert/solution1/impl/ip/common_tcl/color_convert_v1_0_datatype.tcl": no such file or directory
ERROR: [BD 41-1273] Error running propagate TCL procedure: couldn't read file "d:/vivado_prj/base/ip/hls/color_convert/solution1/impl/ip/common_tcl/color_convert_v1_0_datatype.tcl": no such file or directory
    source_subcore_ipfile Line 10
couldn't read file "d:/vivado_prj/base/ip/hls/pixel_pack/solution1/impl/ip/common_tcl/pixel_pack_v1_0_datatype.tcl": no such file or directory
ERROR: [BD 41-1273] Error running propagate TCL procedure: couldn't read file "d:/vivado_prj/base/ip/hls/pixel_pack/solution1/impl/ip/common_tcl/pixel_pack_v1_0_datatype.tcl": no such file or directory
    source_subcore_ipfile Line 10
couldn't read file "d:/vivado_prj/base/ip/hls/color_convert/solution1/impl/ip/common_tcl/color_convert_v1_0_datatype.tcl": no such file or directory
ERROR: [BD 41-1273] Error running propagate TCL procedure: couldn't read file "d:/vivado_prj/base/ip/hls/color_convert/solution1/impl/ip/common_tcl/color_convert_v1_0_datatype.tcl": no such file or directory
    source_subcore_ipfile Line 10
couldn't read file "d:/vivado_prj/base/ip/hls/pixel_unpack/solution1/impl/ip/common_tcl/pixel_unpack_v1_0_datatype.tcl": no such file or directory
ERROR: [BD 41-1273] Error running propagate TCL procedure: couldn't read file "d:/vivado_prj/base/ip/hls/pixel_unpack/solution1/impl/ip/common_tcl/pixel_unpack_v1_0_datatype.tcl": no such file or directory
    source_subcore_ipfile Line 10
couldn't read file "d:/vivado_prj/base/ip/hls/color_convert/solution1/impl/ip/common_tcl/color_convert_v1_0_datatype.tcl": no such file or directory
ERROR: [BD 41-1273] Error running propagate TCL procedure: couldn't read file "d:/vivado_prj/base/ip/hls/color_convert/solution1/impl/ip/common_tcl/color_convert_v1_0_datatype.tcl": no such file or directory
    source_subcore_ipfile Line 10
couldn't read file "d:/vivado_prj/base/ip/hls/pixel_pack/solution1/impl/ip/common_tcl/pixel_pack_v1_0_datatype.tcl": no such file or directory
ERROR: [BD 41-1273] Error running propagate TCL procedure: couldn't read file "d:/vivado_prj/base/ip/hls/pixel_pack/solution1/impl/ip/common_tcl/pixel_pack_v1_0_datatype.tcl": no such file or directory
    source_subcore_ipfile Line 10
